app/build/intermediates/manifest_merge_blame_file/debug/processDebugMainManifest/manifest-merger-blame-debug-report.txt
1<?xml version="1.0" encoding="utf-8"?>
2<manifest xmlns:android="http://schemas.android.com/apk/res/android"
3    package="dev.aurakai.auraframefx.debug"
4    android:versionCode="1"
5    android:versionName="1.0.0-debug" >
6
7    <uses-sdk
8        android:minSdkVersion="33"
9        android:targetSdkVersion="36" />
10
11    <uses-permission android:name="android.permission.INTERNET" />
11-->src\main\AndroidManifest.xml:4:5-67
11-->src\main\AndroidManifest.xml:4:22-64
12    <uses-permission android:name="android.permission.VIBRATE" />
12-->src\main\AndroidManifest.xml:5:5-66
12-->src\main\AndroidManifest.xml:5:22-63
13    <uses-permission android:name="android.permission.RECEIVE_BOOT_COMPLETED" />
13-->src\main\AndroidManifest.xml:6:5-81
13-->src\main\AndroidManifest.xml:6:22-78
14    <uses-permission android:name="android.permission.ACCESS_NETWORK_STATE" />
14-->[com.google.android.gms:play-services-measurement-api:23.0.0] AndroidManifest.xml:23:5-79
14-->[com.google.android.gms:play-services-measurement-api:23.0.0] AndroidManifest.xml:23:22-76
15    <uses-permission android:name="android.permission.WAKE_LOCK" />
15-->[com.google.android.gms:play-services-measurement-api:23.0.0] AndroidManifest.xml:24:5-68
15-->[com.google.android.gms:play-services-measurement-api:23.0.0] AndroidManifest.xml:24:22-65
16    <uses-permission android:name="com.google.android.gms.permission.AD_ID" />
16-->[com.google.android.gms:play-services-measurement-api:23.0.0] AndroidManifest.xml:25:5-79
16-->[com.google.android.gms:play-services-measurement-api:23.0.0] AndroidManifest.xml:25:22-76
17    <uses-permission android:name="android.permission.ACCESS_ADSERVICES_ATTRIBUTION" />
17-->[com.google.android.gms:play-services-measurement-api:23.0.0] AndroidManifest.xml:26:5-88
17-->[com.google.android.gms:play-services-measurement-api:23.0.0] AndroidManifest.xml:26:22-85
18    <uses-permission android:name="android.permission.ACCESS_ADSERVICES_AD_ID" />
18-->[com.google.android.gms:play-services-measurement-api:23.0.0] AndroidManifest.xml:27:5-82
18-->[com.google.android.gms:play-services-measurement-api:23.0.0] AndroidManifest.xml:27:22-79
19    <uses-permission android:name="com.google.android.finsky.permission.BIND_GET_INSTALL_REFERRER_SERVICE" />
19-->[com.google.android.gms:play-services-measurement:23.0.0] AndroidManifest.xml:26:5-110
19-->[com.google.android.gms:play-services-measurement:23.0.0] AndroidManifest.xml:26:22-107
20
21    <permission
21-->[androidx.core:core:1.17.0] AndroidManifest.xml:22:5-24:47
22        android:name="dev.aurakai.auraframefx.debug.DYNAMIC_RECEIVER_NOT_EXPORTED_PERMISSION"
22-->[androidx.core:core:1.17.0] AndroidManifest.xml:23:9-81
23        android:protectionLevel="signature" />
23-->[androidx.core:core:1.17.0] AndroidManifest.xml:24:9-44
24
25    <uses-permission android:name="dev.aurakai.auraframefx.debug.DYNAMIC_RECEIVER_NOT_EXPORTED_PERMISSION" /> <!-- To store the heap dumps and leak analysis results. -->
25-->[androidx.core:core:1.17.0] AndroidManifest.xml:26:5-97
25-->[androidx.core:core:1.17.0] AndroidManifest.xml:26:22-94
26    <uses-permission android:name="android.permission.READ_EXTERNAL_STORAGE" />
26-->[com.squareup.leakcanary:leakcanary-android-core:2.14] AndroidManifest.xml:25:5-80
26-->[com.squareup.leakcanary:leakcanary-android-core:2.14] AndroidManifest.xml:25:22-77
27    <uses-permission android:name="android.permission.WRITE_EXTERNAL_STORAGE" /> <!-- To allow posting notifications on Android 13 -->
27-->[com.squareup.leakcanary:leakcanary-android-core:2.14] AndroidManifest.xml:26:5-81
27-->[com.squareup.leakcanary:leakcanary-android-core:2.14] AndroidManifest.xml:26:22-78
28    <uses-permission android:name="android.permission.POST_NOTIFICATIONS" />
28-->[com.squareup.leakcanary:leakcanary-android-core:2.14] AndroidManifest.xml:29:5-77
28-->[com.squareup.leakcanary:leakcanary-android-core:2.14] AndroidManifest.xml:29:22-74
29
30    <application
30-->src\main\AndroidManifest.xml:8:5-72:19
31        android:name="dev.aurakai.auraframefx.AuraFrameApplication"
31-->src\main\AndroidManifest.xml:9:9-45
32        android:appComponentFactory="androidx.core.app.CoreComponentFactory"
32-->[androidx.core:core:1.17.0] AndroidManifest.xml:28:18-86
33        android:debuggable="true"
34        android:enableOnBackInvokedCallback="true"
34-->src\main\AndroidManifest.xml:10:9-51
35        android:extractNativeLibs="true"
36        android:icon="@mipmap/ic_launcher"
36-->src\main\AndroidManifest.xml:11:9-43
37        android:label="AuraFrameFX LSPosed Module"
37-->src\main\AndroidManifest.xml:12:9-51
38        android:roundIcon="@mipmap/ic_launcher_round"
38-->src\main\AndroidManifest.xml:13:9-54
39        android:supportsRtl="true"
39-->src\main\AndroidManifest.xml:14:9-35
40        android:theme="@style/Theme.AuraFrameFX" >
40-->src\main\AndroidManifest.xml:15:9-49
41
42        <!-- Genesis-OS Xposed/LSPosed Module Configuration -->
43        <meta-data
43-->src\main\AndroidManifest.xml:17:9-19:36
44            android:name="xposedmodule"
44-->src\main\AndroidManifest.xml:18:13-40
45            android:value="true" />
45-->src\main\AndroidManifest.xml:19:13-33
46        <meta-data
46-->src\main\AndroidManifest.xml:20:9-22:58
47            android:name="xposeddescription"
47-->src\main\AndroidManifest.xml:21:13-45
48            android:value="@string/xposed_description" />
48-->src\main\AndroidManifest.xml:22:13-55
49        <meta-data
49-->src\main\AndroidManifest.xml:23:9-25:34
50            android:name="xposedminversion"
50-->src\main\AndroidManifest.xml:24:13-44
51            android:value="82" />
51-->src\main\AndroidManifest.xml:25:13-31
52        <meta-data
52-->src\main\AndroidManifest.xml:26:9-28:54
53            android:name="xposedscope"
53-->src\main\AndroidManifest.xml:27:13-39
54            android:resource="@array/xposed_scope" />
54-->src\main\AndroidManifest.xml:28:13-51
55
56        <!-- Yuki Hook API Configuration -->
57        <meta-data
57-->src\main\AndroidManifest.xml:31:9-33:36
58            android:name="yukihookapi_module"
58-->src\main\AndroidManifest.xml:32:13-46
59            android:value="true" />
59-->src\main\AndroidManifest.xml:33:13-33
60        <meta-data
60-->src\main\AndroidManifest.xml:34:9-36:55
61            android:name="yukihookapi_module_name"
61-->src\main\AndroidManifest.xml:35:13-51
62            android:value="Genesis-OS AI Framework" />
62-->src\main\AndroidManifest.xml:36:13-52
63        <meta-data
63-->src\main\AndroidManifest.xml:37:9-39:37
64            android:name="yukihookapi_module_version"
64-->src\main\AndroidManifest.xml:38:13-54
65            android:value="1.0.0" />
65-->src\main\AndroidManifest.xml:39:13-34
66
67        <activity
67-->src\main\AndroidManifest.xml:41:9-48:20
68            android:name="dev.aurakai.auraframefx.MainActivity"
68-->src\main\AndroidManifest.xml:42:13-41
69            android:exported="true" >
69-->src\main\AndroidManifest.xml:43:13-36
70            <intent-filter>
70-->src\main\AndroidManifest.xml:44:13-47:29
71                <action android:name="android.intent.action.MAIN" />
71-->src\main\AndroidManifest.xml:45:17-69
71-->src\main\AndroidManifest.xml:45:25-66
72
73                <category android:name="android.intent.category.LAUNCHER" />
73-->src\main\AndroidManifest.xml:46:17-77
73-->src\main\AndroidManifest.xml:46:27-74
74            </intent-filter>
75        </activity>
76
77        <service
77-->src\main\AndroidManifest.xml:50:9-52:40
78            android:name="dev.aurakai.auraframefx.VertexSyncService"
78-->src\main\AndroidManifest.xml:51:13-46
79            android:exported="false" />
79-->src\main\AndroidManifest.xml:52:13-37
80        <service
80-->src\main\AndroidManifest.xml:53:9-55:40
81            android:name="dev.aurakai.auraframefx.security.IntegrityMonitorService"
81-->src\main\AndroidManifest.xml:54:13-61
82            android:exported="false" />
82-->src\main\AndroidManifest.xml:55:13-37
83
84        <receiver
84-->src\main\AndroidManifest.xml:57:9-64:20
85            android:name="dev.aurakai.auraframefx.receivers.BootCompletedReceiver"
85-->src\main\AndroidManifest.xml:58:13-60
86            android:enabled="true"
86-->src\main\AndroidManifest.xml:59:13-35
87            android:exported="true" >
87-->src\main\AndroidManifest.xml:60:13-36
88            <intent-filter>
88-->src\main\AndroidManifest.xml:61:13-63:29
89                <action android:name="android.intent.action.BOOT_COMPLETED" />
89-->src\main\AndroidManifest.xml:62:17-79
89-->src\main\AndroidManifest.xml:62:25-76
90            </intent-filter>
91        </receiver>
92        <receiver
92-->src\main\AndroidManifest.xml:65:9-71:20
93            android:name="dev.aurakai.auraframefx.security.IntegrityViolationReceiver"
93-->src\main\AndroidManifest.xml:66:13-64
94            android:exported="true" >
94-->src\main\AndroidManifest.xml:67:13-36
95            <intent-filter>
95-->src\main\AndroidManifest.xml:68:13-70:29
96                <action android:name="dev.aurakai.auraframefx.ACTION_INTEGRITY_VIOLATION" />
96-->src\main\AndroidManifest.xml:69:17-93
96-->src\main\AndroidManifest.xml:69:25-90
97            </intent-filter>
98        </receiver>
99
100        <activity
100-->[androidx.compose.ui:ui-tooling-android:1.9.0] AndroidManifest.xml:23:9-25:39
101            android:name="androidx.compose.ui.tooling.PreviewActivity"
101-->[androidx.compose.ui:ui-tooling-android:1.9.0] AndroidManifest.xml:24:13-71
102            android:exported="true" />
102-->[androidx.compose.ui:ui-tooling-android:1.9.0] AndroidManifest.xml:25:13-36
103
104        <service
104-->[com.google.firebase:firebase-analytics-ktx:22.5.0] AndroidManifest.xml:8:9-14:19
105            android:name="com.google.firebase.components.ComponentDiscoveryService"
105-->[com.google.firebase:firebase-analytics-ktx:22.5.0] AndroidManifest.xml:9:13-84
106            android:directBootAware="true"
106-->[com.google.firebase:firebase-common:22.0.0] AndroidManifest.xml:32:13-43
107            android:exported="false" >
107-->[com.google.firebase:firebase-analytics-ktx:22.5.0] AndroidManifest.xml:10:13-37
108            <meta-data
108-->[com.google.firebase:firebase-analytics-ktx:22.5.0] AndroidManifest.xml:11:13-13:85
109                android:name="com.google.firebase.components:com.google.firebase.analytics.ktx.FirebaseAnalyticsLegacyRegistrar"
109-->[com.google.firebase:firebase-analytics-ktx:22.5.0] AndroidManifest.xml:12:17-129
110                android:value="com.google.firebase.components.ComponentRegistrar" />
110-->[com.google.firebase:firebase-analytics-ktx:22.5.0] AndroidManifest.xml:13:17-82
111            <meta-data
111-->[com.google.firebase:firebase-crashlytics-ktx:19.4.4] AndroidManifest.xml:24:13-26:85
112                android:name="com.google.firebase.components:com.google.firebase.crashlytics.ktx.FirebaseCrashlyticsKtxRegistrar"
112-->[com.google.firebase:firebase-crashlytics-ktx:19.4.4] AndroidManifest.xml:25:17-130
113                android:value="com.google.firebase.components.ComponentRegistrar" />
113-->[com.google.firebase:firebase-crashlytics-ktx:19.4.4] AndroidManifest.xml:26:17-82
114            <meta-data
114-->[com.google.firebase:firebase-common-ktx:21.0.0] AndroidManifest.xml:12:13-14:85
115                android:name="com.google.firebase.components:com.google.firebase.ktx.FirebaseCommonLegacyRegistrar"
115-->[com.google.firebase:firebase-common-ktx:21.0.0] AndroidManifest.xml:13:17-116
116                android:value="com.google.firebase.components.ComponentRegistrar" />
116-->[com.google.firebase:firebase-common-ktx:21.0.0] AndroidManifest.xml:14:17-82
117            <meta-data
117-->[com.google.firebase:firebase-crashlytics:20.0.0] AndroidManifest.xml:15:13-17:85
118                android:name="com.google.firebase.components:com.google.firebase.crashlytics.FirebaseCrashlyticsKtxRegistrar"
118-->[com.google.firebase:firebase-crashlytics:20.0.0] AndroidManifest.xml:16:17-126
119                android:value="com.google.firebase.components.ComponentRegistrar" />
119-->[com.google.firebase:firebase-crashlytics:20.0.0] AndroidManifest.xml:17:17-82
120            <meta-data
120-->[com.google.firebase:firebase-crashlytics:20.0.0] AndroidManifest.xml:18:13-20:85
121                android:name="com.google.firebase.components:com.google.firebase.crashlytics.CrashlyticsRegistrar"
121-->[com.google.firebase:firebase-crashlytics:20.0.0] AndroidManifest.xml:19:17-115
122                android:value="com.google.firebase.components.ComponentRegistrar" />
122-->[com.google.firebase:firebase-crashlytics:20.0.0] AndroidManifest.xml:20:17-82
123            <meta-data
123-->[com.google.android.gms:play-services-measurement-api:23.0.0] AndroidManifest.xml:33:13-35:85
124                android:name="com.google.firebase.components:com.google.firebase.analytics.connector.internal.AnalyticsConnectorRegistrar"
124-->[com.google.android.gms:play-services-measurement-api:23.0.0] AndroidManifest.xml:34:17-139
125                android:value="com.google.firebase.components.ComponentRegistrar" />
125-->[com.google.android.gms:play-services-measurement-api:23.0.0] AndroidManifest.xml:35:17-82
126            <meta-data
126-->[com.google.firebase:firebase-sessions:3.0.0] AndroidManifest.xml:25:13-27:85
127                android:name="com.google.firebase.components:com.google.firebase.sessions.FirebaseSessionsRegistrar"
127-->[com.google.firebase:firebase-sessions:3.0.0] AndroidManifest.xml:26:17-117
128                android:value="com.google.firebase.components.ComponentRegistrar" />
128-->[com.google.firebase:firebase-sessions:3.0.0] AndroidManifest.xml:27:17-82
129            <meta-data
129-->[com.google.firebase:firebase-installations:19.0.0] AndroidManifest.xml:15:13-17:85
130                android:name="com.google.firebase.components:com.google.firebase.installations.FirebaseInstallationsKtxRegistrar"
130-->[com.google.firebase:firebase-installations:19.0.0] AndroidManifest.xml:16:17-130
131                android:value="com.google.firebase.components.ComponentRegistrar" />
131-->[com.google.firebase:firebase-installations:19.0.0] AndroidManifest.xml:17:17-82
132            <meta-data
132-->[com.google.firebase:firebase-installations:19.0.0] AndroidManifest.xml:18:13-20:85
133                android:name="com.google.firebase.components:com.google.firebase.installations.FirebaseInstallationsRegistrar"
133-->[com.google.firebase:firebase-installations:19.0.0] AndroidManifest.xml:19:17-127
134                android:value="com.google.firebase.components.ComponentRegistrar" />
134-->[com.google.firebase:firebase-installations:19.0.0] AndroidManifest.xml:20:17-82
135            <meta-data
135-->[com.google.firebase:firebase-common:22.0.0] AndroidManifest.xml:35:13-37:85
136                android:name="com.google.firebase.components:com.google.firebase.FirebaseCommonKtxRegistrar"
136-->[com.google.firebase:firebase-common:22.0.0] AndroidManifest.xml:36:17-109
137                android:value="com.google.firebase.components.ComponentRegistrar" />
137-->[com.google.firebase:firebase-common:22.0.0] AndroidManifest.xml:37:17-82
138            <meta-data
138-->[com.google.firebase:firebase-datatransport:19.0.0] AndroidManifest.xml:25:13-27:85
139                android:name="com.google.firebase.components:com.google.firebase.datatransport.TransportRegistrar"
139-->[com.google.firebase:firebase-datatransport:19.0.0] AndroidManifest.xml:26:17-115
140                android:value="com.google.firebase.components.ComponentRegistrar" />
140-->[com.google.firebase:firebase-datatransport:19.0.0] AndroidManifest.xml:27:17-82
141        </service>
142
143        <provider
143-->[com.google.firebase:firebase-common:22.0.0] AndroidManifest.xml:23:9-28:39
144            android:name="com.google.firebase.provider.FirebaseInitProvider"
144-->[com.google.firebase:firebase-common:22.0.0] AndroidManifest.xml:24:13-77
145            android:authorities="dev.aurakai.auraframefx.debug.firebaseinitprovider"
145-->[com.google.firebase:firebase-common:22.0.0] AndroidManifest.xml:25:13-72
146            android:directBootAware="true"
146-->[com.google.firebase:firebase-common:22.0.0] AndroidManifest.xml:26:13-43
147            android:exported="false"
147-->[com.google.firebase:firebase-common:22.0.0] AndroidManifest.xml:27:13-37
148            android:initOrder="100" />
148-->[com.google.firebase:firebase-common:22.0.0] AndroidManifest.xml:28:13-36
149
150        <receiver
150-->[com.google.android.gms:play-services-measurement:23.0.0] AndroidManifest.xml:29:9-33:20
151            android:name="com.google.android.gms.measurement.AppMeasurementReceiver"
151-->[com.google.android.gms:play-services-measurement:23.0.0] AndroidManifest.xml:30:13-85
152            android:enabled="true"
152-->[com.google.android.gms:play-services-measurement:23.0.0] AndroidManifest.xml:31:13-35
153            android:exported="false" >
153-->[com.google.android.gms:play-services-measurement:23.0.0] AndroidManifest.xml:32:13-37
154        </receiver>
155
156        <service
156-->[com.google.android.gms:play-services-measurement:23.0.0] AndroidManifest.xml:35:9-38:40
157            android:name="com.google.android.gms.measurement.AppMeasurementService"
157-->[com.google.android.gms:play-services-measurement:23.0.0] AndroidManifest.xml:36:13-84
158            android:enabled="true"
158-->[com.google.android.gms:play-services-measurement:23.0.0] AndroidManifest.xml:37:13-35
159            android:exported="false" />
159-->[com.google.android.gms:play-services-measurement:23.0.0] AndroidManifest.xml:38:13-37
160        <service
160-->[com.google.android.gms:play-services-measurement:23.0.0] AndroidManifest.xml:39:9-43:72
161            android:name="com.google.android.gms.measurement.AppMeasurementJobService"
161-->[com.google.android.gms:play-services-measurement:23.0.0] AndroidManifest.xml:40:13-87
162            android:enabled="true"
162-->[com.google.android.gms:play-services-measurement:23.0.0] AndroidManifest.xml:41:13-35
163            android:exported="false"
163-->[com.google.android.gms:play-services-measurement:23.0.0] AndroidManifest.xml:42:13-37
164            android:permission="android.permission.BIND_JOB_SERVICE" />
164-->[com.google.android.gms:play-services-measurement:23.0.0] AndroidManifest.xml:43:13-69
165        <service
165-->[androidx.room:room-runtime-android:2.7.2] AndroidManifest.xml:24:9-28:63
166            android:name="androidx.room.MultiInstanceInvalidationService"
166-->[androidx.room:room-runtime-android:2.7.2] AndroidManifest.xml:25:13-74
167            android:directBootAware="true"
167-->[androidx.room:room-runtime-android:2.7.2] AndroidManifest.xml:26:13-43
168            android:exported="false" />
168-->[androidx.room:room-runtime-android:2.7.2] AndroidManifest.xml:27:13-37
169
170        <provider
170-->[androidx.emoji2:emoji2:1.4.0] AndroidManifest.xml:24:9-32:20
171            android:name="androidx.startup.InitializationProvider"
171-->[androidx.emoji2:emoji2:1.4.0] AndroidManifest.xml:25:13-67
172            android:authorities="dev.aurakai.auraframefx.debug.androidx-startup"
172-->[androidx.emoji2:emoji2:1.4.0] AndroidManifest.xml:26:13-68
173            android:exported="false" >
173-->[androidx.emoji2:emoji2:1.4.0] AndroidManifest.xml:27:13-37
174            <meta-data
174-->[androidx.emoji2:emoji2:1.4.0] AndroidManifest.xml:29:13-31:52
175                android:name="androidx.emoji2.text.EmojiCompatInitializer"
175-->[androidx.emoji2:emoji2:1.4.0] AndroidManifest.xml:30:17-75
176                android:value="androidx.startup" />
176-->[androidx.emoji2:emoji2:1.4.0] AndroidManifest.xml:31:17-49
177            <meta-data
177-->[androidx.lifecycle:lifecycle-process:2.9.2] AndroidManifest.xml:29:13-31:52
178                android:name="androidx.lifecycle.ProcessLifecycleInitializer"
178-->[androidx.lifecycle:lifecycle-process:2.9.2] AndroidManifest.xml:30:17-78
179                android:value="androidx.startup" />
179-->[androidx.lifecycle:lifecycle-process:2.9.2] AndroidManifest.xml:31:17-49
180            <meta-data
180-->[com.squareup.okhttp3:okhttp-android:5.1.0] AndroidManifest.xml:16:13-18:52
181                android:name="okhttp3.internal.platform.PlatformInitializer"
181-->[com.squareup.okhttp3:okhttp-android:5.1.0] AndroidManifest.xml:17:17-77
182                android:value="androidx.startup" />
182-->[com.squareup.okhttp3:okhttp-android:5.1.0] AndroidManifest.xml:18:17-49
183            <meta-data
183-->[androidx.profileinstaller:profileinstaller:1.4.0] AndroidManifest.xml:29:13-31:52
184                android:name="androidx.profileinstaller.ProfileInstallerInitializer"
184-->[androidx.profileinstaller:profileinstaller:1.4.0] AndroidManifest.xml:30:17-85
185                android:value="androidx.startup" />
185-->[androidx.profileinstaller:profileinstaller:1.4.0] AndroidManifest.xml:31:17-49
186        </provider>
187
188        <activity
188-->[com.google.android.gms:play-services-base:18.5.0] AndroidManifest.xml:5:9-173
189            android:name="com.google.android.gms.common.api.GoogleApiActivity"
189-->[com.google.android.gms:play-services-base:18.5.0] AndroidManifest.xml:5:19-85
190            android:exported="false"
190-->[com.google.android.gms:play-services-base:18.5.0] AndroidManifest.xml:5:146-170
191            android:theme="@android:style/Theme.Translucent.NoTitleBar" />
191-->[com.google.android.gms:play-services-base:18.5.0] AndroidManifest.xml:5:86-145
192
193        <uses-library
193-->[androidx.window:window:1.0.0] AndroidManifest.xml:25:9-27:40
194            android:name="androidx.window.extensions"
194-->[androidx.window:window:1.0.0] AndroidManifest.xml:26:13-54
195            android:required="false" />
195-->[androidx.window:window:1.0.0] AndroidManifest.xml:27:13-37
196        <uses-library
196-->[androidx.window:window:1.0.0] AndroidManifest.xml:28:9-30:40
197            android:name="androidx.window.sidecar"
197-->[androidx.window:window:1.0.0] AndroidManifest.xml:29:13-51
198            android:required="false" />
198-->[androidx.window:window:1.0.0] AndroidManifest.xml:30:13-37
199        <uses-library
199-->[androidx.privacysandbox.ads:ads-adservices:1.1.0-beta11] AndroidManifest.xml:23:9-25:40
200            android:name="android.ext.adservices"
200-->[androidx.privacysandbox.ads:ads-adservices:1.1.0-beta11] AndroidManifest.xml:24:13-50
201            android:required="false" />
201-->[androidx.privacysandbox.ads:ads-adservices:1.1.0-beta11] AndroidManifest.xml:25:13-37
202
203        <meta-data
203-->[com.google.android.gms:play-services-basement:18.5.0] AndroidManifest.xml:21:9-23:69
204            android:name="com.google.android.gms.version"
204-->[com.google.android.gms:play-services-basement:18.5.0] AndroidManifest.xml:22:13-58
205            android:value="@integer/google_play_services_version" />
205-->[com.google.android.gms:play-services-basement:18.5.0] AndroidManifest.xml:23:13-66
206
207        <activity
207-->[androidx.compose.ui:ui-test-manifest:1.9.0] AndroidManifest.xml:23:9-26:79
208            android:name="androidx.activity.ComponentActivity"
208-->[androidx.compose.ui:ui-test-manifest:1.9.0] AndroidManifest.xml:24:13-63
209            android:exported="true"
209-->[androidx.compose.ui:ui-test-manifest:1.9.0] AndroidManifest.xml:25:13-36
210            android:theme="@android:style/Theme.Material.Light.NoActionBar" />
210-->[androidx.compose.ui:ui-test-manifest:1.9.0] AndroidManifest.xml:26:13-76
211
212        <provider
212-->[com.squareup.leakcanary:leakcanary-android-core:2.14] AndroidManifest.xml:32:9-40:20
213            android:name="leakcanary.internal.LeakCanaryFileProvider"
213-->[com.squareup.leakcanary:leakcanary-android-core:2.14] AndroidManifest.xml:33:13-70
214            android:authorities="com.squareup.leakcanary.fileprovider.dev.aurakai.auraframefx.debug"
214-->[com.squareup.leakcanary:leakcanary-android-core:2.14] AndroidManifest.xml:34:13-88
215            android:exported="false"
215-->[com.squareup.leakcanary:leakcanary-android-core:2.14] AndroidManifest.xml:35:13-37
216            android:grantUriPermissions="true" >
216-->[com.squareup.leakcanary:leakcanary-android-core:2.14] AndroidManifest.xml:36:13-47
217            <meta-data
217-->[com.squareup.leakcanary:leakcanary-android-core:2.14] AndroidManifest.xml:37:13-39:66
218                android:name="android.support.FILE_PROVIDER_PATHS"
218-->[com.squareup.leakcanary:leakcanary-android-core:2.14] AndroidManifest.xml:38:17-67
219                android:resource="@xml/leak_canary_file_paths" />
219-->[com.squareup.leakcanary:leakcanary-android-core:2.14] AndroidManifest.xml:39:17-63
220        </provider>
221
222        <activity
222-->[com.squareup.leakcanary:leakcanary-android-core:2.14] AndroidManifest.xml:42:9-73:20
223            android:name="leakcanary.internal.activity.LeakActivity"
223-->[com.squareup.leakcanary:leakcanary-android-core:2.14] AndroidManifest.xml:43:13-69
224            android:exported="true"
224-->[com.squareup.leakcanary:leakcanary-android-core:2.14] AndroidManifest.xml:44:13-36
225            android:icon="@mipmap/leak_canary_icon"
225-->[com.squareup.leakcanary:leakcanary-android-core:2.14] AndroidManifest.xml:45:13-52
226            android:label="@string/leak_canary_display_activity_label"
226-->[com.squareup.leakcanary:leakcanary-android-core:2.14] AndroidManifest.xml:46:13-71
227            android:taskAffinity="com.squareup.leakcanary.dev.aurakai.auraframefx.debug"
227-->[com.squareup.leakcanary:leakcanary-android-core:2.14] AndroidManifest.xml:47:13-76
228            android:theme="@style/leak_canary_LeakCanary.Base" >
228-->[com.squareup.leakcanary:leakcanary-android-core:2.14] AndroidManifest.xml:48:13-63
229            <intent-filter android:label="@string/leak_canary_import_hprof_file" >
229-->[com.squareup.leakcanary:leakcanary-android-core:2.14] AndroidManifest.xml:49:13-72:29
229-->[com.squareup.leakcanary:leakcanary-android-core:2.14] AndroidManifest.xml:49:28-81
230                <action android:name="android.intent.action.VIEW" />
230-->[com.squareup.leakcanary:leakcanary-android-core:2.14] AndroidManifest.xml:50:17-69
230-->[com.squareup.leakcanary:leakcanary-android-core:2.14] AndroidManifest.xml:50:25-66
231
232                <category android:name="android.intent.category.DEFAULT" />
232-->[com.squareup.leakcanary:leakcanary-android-core:2.14] AndroidManifest.xml:52:17-76
232-->[com.squareup.leakcanary:leakcanary-android-core:2.14] AndroidManifest.xml:52:27-73
233                <category android:name="android.intent.category.BROWSABLE" />
233-->[com.squareup.leakcanary:leakcanary-android-core:2.14] AndroidManifest.xml:53:17-78
233-->[com.squareup.leakcanary:leakcanary-android-core:2.14] AndroidManifest.xml:53:27-75
234
235                <data android:scheme="file" />
235-->[com.squareup.leakcanary:leakcanary-android-core:2.14] AndroidManifest.xml:55:17-47
235-->[com.squareup.leakcanary:leakcanary-android-core:2.14] AndroidManifest.xml:55:23-44
236                <data android:scheme="content" />
236-->[com.squareup.leakcanary:leakcanary-android-core:2.14] AndroidManifest.xml:55:17-47
236-->[com.squareup.leakcanary:leakcanary-android-core:2.14] AndroidManifest.xml:55:23-44
237                <data android:mimeType="*/*" />
237-->[com.squareup.leakcanary:leakcanary-android-core:2.14] AndroidManifest.xml:55:17-47
238                <data android:host="*" />
238-->[com.squareup.leakcanary:leakcanary-android-core:2.14] AndroidManifest.xml:55:17-47
239                <data android:pathPattern=".*\\.hprof" />
239-->[com.squareup.leakcanary:leakcanary-android-core:2.14] AndroidManifest.xml:55:17-47
240                <data android:pathPattern=".*\\..*\\.hprof" />
240-->[com.squareup.leakcanary:leakcanary-android-core:2.14] AndroidManifest.xml:55:17-47
241                <data android:pathPattern=".*\\..*\\..*\\.hprof" />
241-->[com.squareup.leakcanary:leakcanary-android-core:2.14] AndroidManifest.xml:55:17-47
242                <data android:pathPattern=".*\\..*\\..*\\..*\\.hprof" />
242-->[com.squareup.leakcanary:leakcanary-android-core:2.14] AndroidManifest.xml:55:17-47
243                <data android:pathPattern=".*\\..*\\..*\\..*\\..*\\.hprof" />
243-->[com.squareup.leakcanary:leakcanary-android-core:2.14] AndroidManifest.xml:55:17-47
244                <data android:pathPattern=".*\\..*\\..*\\..*\\..*\\..*\\.hprof" />
244-->[com.squareup.leakcanary:leakcanary-android-core:2.14] AndroidManifest.xml:55:17-47
245                <data android:pathPattern=".*\\..*\\..*\\..*\\..*\\..*\\..*\\.hprof" />
245-->[com.squareup.leakcanary:leakcanary-android-core:2.14] AndroidManifest.xml:55:17-47
246                <!--
247            Since hprof isn't a standard MIME type, we have to declare such patterns.
248            Most file providers will generate URIs including their own package name,
249            which contains `.` characters that must be explicitly escaped in pathPattern.
250            @see https://stackoverflow.com/a/31028507/703646
251                -->
252            </intent-filter>
253        </activity>
254
255        <activity-alias
255-->[com.squareup.leakcanary:leakcanary-android-core:2.14] AndroidManifest.xml:75:9-92:26
256            android:name="leakcanary.internal.activity.LeakLauncherActivity"
256-->[com.squareup.leakcanary:leakcanary-android-core:2.14] AndroidManifest.xml:76:13-77
257            android:banner="@drawable/leak_canary_tv_icon"
257-->[com.squareup.leakcanary:leakcanary-android-core:2.14] AndroidManifest.xml:77:13-59
258            android:enabled="@bool/leak_canary_add_launcher_icon"
258-->[com.squareup.leakcanary:leakcanary-android-core:2.14] AndroidManifest.xml:78:13-66
259            android:exported="true"
259-->[com.squareup.leakcanary:leakcanary-android-core:2.14] AndroidManifest.xml:79:13-36